<?xml version="1.0" encoding="UTF-8"?>
<!-- Generated by org.testng.reporters.JUnitReportReporter -->
<testsuite hostname="LAPTOP-GBKDVHB5" failures="0" tests="1" name="demoTestNG.BatchExecution" time="0.000" errors="0" timestamp="2021-08-31T15:43:26 IST" skipped="0">
  <testcase classname="demoTestNG.BatchExecution" name="sample" time="0.000"/>
  <system-out/>
</testsuite> <!-- demoTestNG.BatchExecution -->
